<?xml version="1.0" encoding="UTF-8"?>
<!-- Generated by org.testng.reporters.JUnitReportReporter -->
<testsuite hostname="lenovo" failures="0" tests="1" name="TestClass" time="29.440" errors="0" timestamp="2022-11-21T11:40:56 IST" skipped="0">
  <testcase classname="TestClass" name="TC1" time="29.440"/>
  <system-out/>
</testsuite> <!-- TestClass -->
