<?xml version="1.0" encoding="UTF-8"?>
<!-- Generated by org.testng.reporters.JUnitReportReporter -->
<testsuite hostname="lenovo" failures="0" tests="1" name="Library_file.Maven.BaseClass" time="14.116" errors="0" timestamp="2022-11-20T19:34:20 IST" skipped="0">
  <testcase classname="Library_file.Maven.BaseClass" name="Initializebrowser" time="14.116"/>
  <system-out/>
</testsuite> <!-- Library_file.Maven.BaseClass -->
